<?xml version="1.0" encoding="UTF-8"?>
<!-- Generated by org.testng.reporters.JUnitXMLReporter -->
<testsuite ignored="2" hostname="DESKTOP-VU5G92M" failures="0" tests="1" name="Default test" time="27.396" errors="0" timestamp="2021-11-06T22:09:56 BDT">
  <testcase classname="bd.com.test.Demo" name="DemoTest" time="27.364"/>
  <testcase classname="bd.com.test.DriverSetUp" name="@BeforeSuite Driversetup" time="0.0">
    <ignored/>
  </testcase> <!-- @BeforeSuite Driversetup -->
  <testcase classname="bd.com.test.DriverSetUp" name="@AfterSuite close" time="0.0">
    <ignored/>
  </testcase> <!-- @AfterSuite close -->
</testsuite> <!-- Default test -->
