<?xml version="1.0" encoding="UTF-8"?>
<testng-results ignored="2" total="3" passed="1" failed="0" skipped="0">
  <reporter-output>
  </reporter-output>
  <suite started-at="2021-11-06T22:09:29 BDT" name="Default suite" finished-at="2021-11-06T22:09:56 BDT" duration-ms="27396">
    <groups>
    </groups>
    <test started-at="2021-11-06T22:09:29 BDT" name="Default test" finished-at="2021-11-06T22:09:56 BDT" duration-ms="27396">
      <class name="bd.com.test.DriverSetUp">
        <test-method is-config="true" signature="Driversetup()[pri:0, instance:bd.com.test.DriverSetUp@c05fddc]" started-at="2021-11-06T22:09:27 BDT" name="Driversetup" finished-at="2021-11-06T22:09:29 BDT" duration-ms="1889" status="PASS">
          <reporter-output>
          </reporter-output>
        </test-method> <!-- Driversetup -->
        <test-method is-config="true" signature="close()[pri:0, instance:bd.com.test.DriverSetUp@c05fddc]" started-at="2021-11-06T22:09:56 BDT" name="close" finished-at="2021-11-06T22:10:00 BDT" duration-ms="4161" status="PASS">
          <reporter-output>
          </reporter-output>
        </test-method> <!-- close -->
      </class> <!-- bd.com.test.DriverSetUp -->
      <class name="bd.com.test.Demo">
        <test-method signature="DemoTest()[pri:0, instance:bd.com.test.Demo@34bde49d]" started-at="2021-11-06T22:09:29 BDT" name="DemoTest" finished-at="2021-11-06T22:09:56 BDT" duration-ms="27364" status="PASS">
          <reporter-output>
          </reporter-output>
        </test-method> <!-- DemoTest -->
      </class> <!-- bd.com.test.Demo -->
    </test> <!-- Default test -->
  </suite> <!-- Default suite -->
</testng-results>
